2015-10-28 11:43:47 [scrapy] INFO: Scrapy 1.0.3 started (bot: robot)
2015-10-28 11:43:47 [scrapy] INFO: Optional features available: ssl, http11
2015-10-28 11:43:47 [scrapy] INFO: Overridden settings: {'NEWSPIDER_MODULE': 'robot.spiders', 'LOG_LEVEL': 'INFO', 'CONCURRENT_REQUESTS': 100, 'SPIDER_MODULES': ['robot.spiders', 'robot.novel', 'robot.news'], 'BOT_NAME': 'robot', 'COOKIES_ENABLED': False, 'REDIRECT_ENABLED': False, 'LOG_FILE': 'log/www_toutiao_com.log'}
2015-10-28 11:43:47 [scrapy] INFO: Enabled extensions: CloseSpider, TelnetConsole, LogStats, CoreStats, SpiderState
2015-10-28 11:43:47 [scrapy] INFO: Enabled downloader middlewares: ProxyMiddleware, HttpAuthMiddleware, DownloadTimeoutMiddleware, RandomUserAgentMiddleware, RetryMiddleware, DefaultHeadersMiddleware, MetaRefreshMiddleware, HttpCompressionMiddleware, ChunkedTransferMiddleware, DownloaderStats
2015-10-28 11:43:47 [scrapy] INFO: Enabled spider middlewares: HttpErrorMiddleware, OffsiteMiddleware, RefererMiddleware, UrlLengthMiddleware, DepthMiddleware
2015-10-28 11:43:47 [scrapy] INFO: Enabled item pipelines: ImagePipeline, RobotPipeline
2015-10-28 11:43:47 [scrapy] INFO: Spider opened
2015-10-28 11:43:47 [scrapy] INFO: Crawled 0 pages (at 0 pages/min), scraped 0 items (at 0 items/min)
2015-10-28 11:43:47 [robot] INFO: [2015-10-28] http://toutiao.com/api/article/recent/?count=100&category=news_fashion&max_behot_time=1445931827
2015-10-28 11:43:48 [robot] INFO: [2015-10-28] http://toutiao.com/api/article/recent/?count=100&category=news_society&max_behot_time=1445931827
2015-10-28 11:43:48 [robot] INFO: [2015-10-28] http://toutiao.com/api/article/recent/?count=100&category=news_car&max_behot_time=1445931827
2015-10-28 11:43:48 [robot] INFO: [2015-10-28] http://toutiao.com/api/article/recent/?count=100&category=__all__&max_behot_time=1445931827
2015-10-28 11:43:48 [robot] INFO: [2015-10-28] http://toutiao.com/api/article/recent/?count=100&category=news_tech&max_behot_time=1445931827
2015-10-28 11:43:49 [robot] INFO: [2015-10-28] http://toutiao.com/api/article/recent/?count=100&category=news_entertainment&max_behot_time=1445931827
2015-10-28 11:43:49 [robot] INFO: [2015-10-28] http://toutiao.com/api/article/recent/?count=100&category=news_hot&max_behot_time=1445931827
2015-10-28 11:43:49 [scrapy] INFO: Closing spider (finished)
2015-10-28 11:43:49 [scrapy] INFO: Dumping Scrapy stats:
{'downloader/request_bytes': 2490,
 'downloader/request_count': 7,
 'downloader/request_method_count/GET': 7,
 'downloader/response_bytes': 146520,
 'downloader/response_count': 7,
 'downloader/response_status_count/200': 7,
 'finish_reason': 'finished',
 'finish_time': datetime.datetime(2015, 10, 28, 3, 43, 49, 187810),
 'item_scraped_count': 116,
 'log_count/INFO': 14,
 'response_received_count': 7,
 'scheduler/dequeued': 7,
 'scheduler/dequeued/memory': 7,
 'scheduler/enqueued': 7,
 'scheduler/enqueued/memory': 7,
 'start_time': datetime.datetime(2015, 10, 28, 3, 43, 47, 501774)}
2015-10-28 11:43:49 [scrapy] INFO: Spider closed (finished)
2015-10-28 11:52:33 [scrapy] INFO: Scrapy 1.0.3 started (bot: robot)
2015-10-28 11:52:33 [scrapy] INFO: Optional features available: ssl, http11
2015-10-28 11:52:33 [scrapy] INFO: Overridden settings: {'NEWSPIDER_MODULE': 'robot.spiders', 'LOG_LEVEL': 'INFO', 'CONCURRENT_REQUESTS': 100, 'SPIDER_MODULES': ['robot.spiders', 'robot.novel', 'robot.news'], 'BOT_NAME': 'robot', 'COOKIES_ENABLED': False, 'REDIRECT_ENABLED': False, 'LOG_FILE': '/home/zhen/apistore/robot/robot/log/www_toutiao_com.log'}
2015-10-28 11:52:33 [scrapy] INFO: Enabled extensions: CloseSpider, TelnetConsole, LogStats, CoreStats, SpiderState
2015-10-28 11:52:33 [scrapy] INFO: Enabled downloader middlewares: ProxyMiddleware, HttpAuthMiddleware, DownloadTimeoutMiddleware, RandomUserAgentMiddleware, RetryMiddleware, DefaultHeadersMiddleware, MetaRefreshMiddleware, HttpCompressionMiddleware, ChunkedTransferMiddleware, DownloaderStats
2015-10-28 11:52:33 [scrapy] INFO: Enabled spider middlewares: HttpErrorMiddleware, OffsiteMiddleware, RefererMiddleware, UrlLengthMiddleware, DepthMiddleware
2015-10-28 11:52:33 [scrapy] INFO: Enabled item pipelines: ImagePipeline, RobotPipeline
2015-10-28 11:52:33 [scrapy] INFO: Spider opened
2015-10-28 11:52:33 [scrapy] INFO: Crawled 0 pages (at 0 pages/min), scraped 0 items (at 0 items/min)
2015-10-28 11:52:34 [robot] INFO: [2015-10-28] http://toutiao.com/api/article/recent/?count=100&category=news_fashion&max_behot_time=1445932353
2015-10-28 11:52:34 [robot] INFO: [2015-10-28] http://toutiao.com/api/article/recent/?count=100&category=news_entertainment&max_behot_time=1445932353
2015-10-28 11:52:34 [robot] INFO: [2015-10-28] http://toutiao.com/api/article/recent/?count=100&category=news_society&max_behot_time=1445932353
2015-10-28 11:52:34 [robot] INFO: [2015-10-28] http://toutiao.com/api/article/recent/?count=100&category=news_car&max_behot_time=1445932353
2015-10-28 11:52:34 [robot] INFO: [2015-10-28] http://toutiao.com/api/article/recent/?count=100&category=news_hot&max_behot_time=1445932353
2015-10-28 11:52:35 [robot] INFO: [2015-10-28] http://toutiao.com/api/article/recent/?count=100&category=news_tech&max_behot_time=1445932353
2015-10-28 11:52:35 [robot] INFO: [2015-10-28] http://toutiao.com/api/article/recent/?count=100&category=__all__&max_behot_time=1445932353
2015-10-28 11:52:35 [scrapy] INFO: Closing spider (finished)
2015-10-28 11:52:35 [scrapy] INFO: Dumping Scrapy stats:
{'downloader/request_bytes': 2465,
 'downloader/request_count': 7,
 'downloader/request_method_count/GET': 7,
 'downloader/response_bytes': 143720,
 'downloader/response_count': 7,
 'downloader/response_status_count/200': 7,
 'finish_reason': 'finished',
 'finish_time': datetime.datetime(2015, 10, 28, 3, 52, 35, 591121),
 'item_scraped_count': 117,
 'log_count/INFO': 14,
 'response_received_count': 7,
 'scheduler/dequeued': 7,
 'scheduler/dequeued/memory': 7,
 'scheduler/enqueued': 7,
 'scheduler/enqueued/memory': 7,
 'start_time': datetime.datetime(2015, 10, 28, 3, 52, 33, 758647)}
2015-10-28 11:52:35 [scrapy] INFO: Spider closed (finished)
2015-10-28 11:55:44 [scrapy] INFO: Scrapy 1.0.3 started (bot: robot)
2015-10-28 11:55:44 [scrapy] INFO: Optional features available: ssl, http11
2015-10-28 11:55:44 [scrapy] INFO: Overridden settings: {'NEWSPIDER_MODULE': 'robot.spiders', 'LOG_LEVEL': 'INFO', 'CONCURRENT_REQUESTS': 100, 'SPIDER_MODULES': ['robot.spiders', 'robot.novel', 'robot.news'], 'BOT_NAME': 'robot', 'COOKIES_ENABLED': False, 'REDIRECT_ENABLED': False, 'LOG_FILE': '/home/zhen/apistore/robot/robot/log/www_toutiao_com.log'}
2015-10-28 11:55:46 [scrapy] INFO: Enabled extensions: CloseSpider, TelnetConsole, LogStats, CoreStats, SpiderState
2015-10-28 11:55:46 [scrapy] INFO: Enabled downloader middlewares: ProxyMiddleware, HttpAuthMiddleware, DownloadTimeoutMiddleware, RandomUserAgentMiddleware, RetryMiddleware, DefaultHeadersMiddleware, MetaRefreshMiddleware, HttpCompressionMiddleware, ChunkedTransferMiddleware, DownloaderStats
2015-10-28 11:55:46 [scrapy] INFO: Enabled spider middlewares: HttpErrorMiddleware, OffsiteMiddleware, RefererMiddleware, UrlLengthMiddleware, DepthMiddleware
2015-10-28 11:55:46 [scrapy] INFO: Enabled item pipelines: ImagePipeline, RobotPipeline
2015-10-28 11:55:46 [scrapy] INFO: Spider opened
2015-10-28 11:55:46 [scrapy] INFO: Crawled 0 pages (at 0 pages/min), scraped 0 items (at 0 items/min)
2015-10-28 11:55:47 [robot] INFO: [2015-10-28] http://toutiao.com/api/article/recent/?count=100&category=news_fashion&max_behot_time=1445932544
2015-10-28 11:55:47 [robot] INFO: [2015-10-28] http://toutiao.com/api/article/recent/?count=100&category=news_entertainment&max_behot_time=1445932544
2015-10-28 11:55:47 [robot] INFO: [2015-10-28] http://toutiao.com/api/article/recent/?count=100&category=news_society&max_behot_time=1445932544
2015-10-28 11:55:47 [robot] INFO: [2015-10-28] http://toutiao.com/api/article/recent/?count=100&category=news_tech&max_behot_time=1445932544
2015-10-28 11:55:47 [robot] INFO: [2015-10-28] http://toutiao.com/api/article/recent/?count=100&category=news_hot&max_behot_time=1445932544
2015-10-28 11:55:47 [robot] INFO: [2015-10-28] http://toutiao.com/api/article/recent/?count=100&category=__all__&max_behot_time=1445932544
2015-10-28 11:55:48 [robot] INFO: [2015-10-28] http://toutiao.com/api/article/recent/?count=100&category=news_car&max_behot_time=1445932544
2015-10-28 11:55:48 [scrapy] INFO: Closing spider (finished)
2015-10-28 11:55:48 [scrapy] INFO: Dumping Scrapy stats:
{'downloader/request_bytes': 2473,
 'downloader/request_count': 7,
 'downloader/request_method_count/GET': 7,
 'downloader/response_bytes': 144683,
 'downloader/response_count': 7,
 'downloader/response_status_count/200': 7,
 'finish_reason': 'finished',
 'finish_time': datetime.datetime(2015, 10, 28, 3, 55, 48, 517129),
 'item_scraped_count': 117,
 'log_count/INFO': 14,
 'response_received_count': 7,
 'scheduler/dequeued': 7,
 'scheduler/dequeued/memory': 7,
 'scheduler/enqueued': 7,
 'scheduler/enqueued/memory': 7,
 'start_time': datetime.datetime(2015, 10, 28, 3, 55, 46, 825663)}
2015-10-28 11:55:48 [scrapy] INFO: Spider closed (finished)
2015-10-28 12:00:36 [scrapy] INFO: Scrapy 1.0.3 started (bot: robot)
2015-10-28 12:00:36 [scrapy] INFO: Optional features available: ssl, http11
2015-10-28 12:00:36 [scrapy] INFO: Overridden settings: {'NEWSPIDER_MODULE': 'robot.spiders', 'LOG_LEVEL': 'INFO', 'CONCURRENT_REQUESTS': 100, 'SPIDER_MODULES': ['robot.spiders', 'robot.novel', 'robot.news'], 'BOT_NAME': 'robot', 'COOKIES_ENABLED': False, 'REDIRECT_ENABLED': False, 'LOG_FILE': '/home/zhen/apistore/robot/robot/log/www_toutiao_com.log'}
2015-10-28 12:00:36 [scrapy] INFO: Enabled extensions: CloseSpider, TelnetConsole, LogStats, CoreStats, SpiderState
2015-10-28 12:00:36 [scrapy] INFO: Enabled downloader middlewares: ProxyMiddleware, HttpAuthMiddleware, DownloadTimeoutMiddleware, RandomUserAgentMiddleware, RetryMiddleware, DefaultHeadersMiddleware, MetaRefreshMiddleware, HttpCompressionMiddleware, ChunkedTransferMiddleware, DownloaderStats
2015-10-28 12:00:36 [scrapy] INFO: Enabled spider middlewares: HttpErrorMiddleware, OffsiteMiddleware, RefererMiddleware, UrlLengthMiddleware, DepthMiddleware
2015-10-28 12:00:36 [scrapy] INFO: Enabled item pipelines: ImagePipeline, RobotPipeline
2015-10-28 12:00:36 [scrapy] INFO: Spider opened
2015-10-28 12:00:36 [scrapy] INFO: Crawled 0 pages (at 0 pages/min), scraped 0 items (at 0 items/min)
2015-10-28 12:00:37 [robot] INFO: [2015-10-28] http://toutiao.com/api/article/recent/?count=100&category=news_fashion&max_behot_time=1445932836
2015-10-28 12:00:37 [robot] INFO: [2015-10-28] http://toutiao.com/api/article/recent/?count=100&category=news_tech&max_behot_time=1445932836
2015-10-28 12:00:37 [robot] INFO: [2015-10-28] http://toutiao.com/api/article/recent/?count=100&category=news_society&max_behot_time=1445932836
2015-10-28 12:00:37 [robot] INFO: [2015-10-28] http://toutiao.com/api/article/recent/?count=100&category=__all__&max_behot_time=1445932836
2015-10-28 12:00:37 [robot] INFO: [2015-10-28] http://toutiao.com/api/article/recent/?count=100&category=news_hot&max_behot_time=1445932836
2015-10-28 12:00:37 [robot] INFO: [2015-10-28] http://toutiao.com/api/article/recent/?count=100&category=news_car&max_behot_time=1445932836
2015-10-28 12:00:38 [robot] INFO: [2015-10-28] http://toutiao.com/api/article/recent/?count=100&category=news_entertainment&max_behot_time=1445932836
2015-10-28 12:00:38 [scrapy] INFO: Closing spider (finished)
2015-10-28 12:00:38 [scrapy] INFO: Dumping Scrapy stats:
{'downloader/request_bytes': 2492,
 'downloader/request_count': 7,
 'downloader/request_method_count/GET': 7,
 'downloader/response_bytes': 147612,
 'downloader/response_count': 7,
 'downloader/response_status_count/200': 7,
 'finish_reason': 'finished',
 'finish_time': datetime.datetime(2015, 10, 28, 4, 0, 38, 171381),
 'item_scraped_count': 112,
 'log_count/INFO': 14,
 'response_received_count': 7,
 'scheduler/dequeued': 7,
 'scheduler/dequeued/memory': 7,
 'scheduler/enqueued': 7,
 'scheduler/enqueued/memory': 7,
 'start_time': datetime.datetime(2015, 10, 28, 4, 0, 36, 736347)}
2015-10-28 12:00:38 [scrapy] INFO: Spider closed (finished)
2015-10-28 12:12:24 [scrapy] INFO: Scrapy 1.0.3 started (bot: robot)
2015-10-28 12:12:24 [scrapy] INFO: Optional features available: ssl, http11
2015-10-28 12:12:24 [scrapy] INFO: Overridden settings: {'NEWSPIDER_MODULE': 'robot.spiders', 'LOG_LEVEL': 'INFO', 'CONCURRENT_REQUESTS': 100, 'SPIDER_MODULES': ['robot.spiders', 'robot.novel', 'robot.news'], 'BOT_NAME': 'robot', 'COOKIES_ENABLED': False, 'REDIRECT_ENABLED': False, 'LOG_FILE': '/home/zhen/apistore/robot/robot/log/www_toutiao_com.log'}
2015-10-28 12:12:24 [scrapy] INFO: Enabled extensions: CloseSpider, TelnetConsole, LogStats, CoreStats, SpiderState
2015-10-28 12:12:25 [scrapy] INFO: Enabled downloader middlewares: ProxyMiddleware, HttpAuthMiddleware, DownloadTimeoutMiddleware, RandomUserAgentMiddleware, RetryMiddleware, DefaultHeadersMiddleware, MetaRefreshMiddleware, HttpCompressionMiddleware, ChunkedTransferMiddleware, DownloaderStats
2015-10-28 12:12:25 [scrapy] INFO: Enabled spider middlewares: HttpErrorMiddleware, OffsiteMiddleware, RefererMiddleware, UrlLengthMiddleware, DepthMiddleware
2015-10-28 12:12:25 [scrapy] INFO: Enabled item pipelines: ImagePipeline, RobotPipeline
2015-10-28 12:12:25 [scrapy] INFO: Spider opened
2015-10-28 12:12:25 [scrapy] INFO: Crawled 0 pages (at 0 pages/min), scraped 0 items (at 0 items/min)
2015-10-28 12:12:25 [robot] INFO: [2015-10-28] http://toutiao.com/api/article/recent/?count=100&category=__all__&max_behot_time=1445933544
2015-10-28 12:12:26 [robot] INFO: [2015-10-28] http://toutiao.com/api/article/recent/?count=100&category=news_hot&max_behot_time=1445933544
2015-10-28 12:12:26 [robot] INFO: [2015-10-28] http://toutiao.com/api/article/recent/?count=100&category=news_fashion&max_behot_time=1445933544
2015-10-28 12:12:26 [robot] INFO: [2015-10-28] http://toutiao.com/api/article/recent/?count=100&category=news_society&max_behot_time=1445933544
2015-10-28 12:12:26 [robot] INFO: [2015-10-28] http://toutiao.com/api/article/recent/?count=100&category=news_tech&max_behot_time=1445933544
2015-10-28 12:12:26 [robot] INFO: [2015-10-28] http://toutiao.com/api/article/recent/?count=100&category=news_car&max_behot_time=1445933544
2015-10-28 12:12:26 [robot] INFO: [2015-10-28] http://toutiao.com/api/article/recent/?count=100&category=news_entertainment&max_behot_time=1445933544
2015-10-28 12:12:26 [scrapy] INFO: Closing spider (finished)
2015-10-28 12:12:26 [scrapy] INFO: Dumping Scrapy stats:
{'downloader/request_bytes': 2458,
 'downloader/request_count': 7,
 'downloader/request_method_count/GET': 7,
 'downloader/response_bytes': 139814,
 'downloader/response_count': 7,
 'downloader/response_status_count/200': 7,
 'finish_reason': 'finished',
 'finish_time': datetime.datetime(2015, 10, 28, 4, 12, 26, 604875),
 'item_scraped_count': 128,
 'log_count/INFO': 14,
 'response_received_count': 7,
 'scheduler/dequeued': 7,
 'scheduler/dequeued/memory': 7,
 'scheduler/enqueued': 7,
 'scheduler/enqueued/memory': 7,
 'start_time': datetime.datetime(2015, 10, 28, 4, 12, 25, 39822)}
2015-10-28 12:12:26 [scrapy] INFO: Spider closed (finished)
2015-10-28 12:14:58 [scrapy] INFO: Scrapy 1.0.3 started (bot: robot)
2015-10-28 12:14:58 [scrapy] INFO: Optional features available: ssl, http11
2015-10-28 12:14:58 [scrapy] INFO: Overridden settings: {'NEWSPIDER_MODULE': 'robot.spiders', 'LOG_LEVEL': 'INFO', 'CONCURRENT_REQUESTS': 100, 'SPIDER_MODULES': ['robot.spiders', 'robot.novel', 'robot.news'], 'BOT_NAME': 'robot', 'COOKIES_ENABLED': False, 'REDIRECT_ENABLED': False}
2015-10-28 12:14:58 [scrapy] INFO: Enabled extensions: CloseSpider, TelnetConsole, LogStats, CoreStats, SpiderState
2015-10-28 12:14:58 [scrapy] INFO: Enabled downloader middlewares: ProxyMiddleware, HttpAuthMiddleware, DownloadTimeoutMiddleware, RandomUserAgentMiddleware, RetryMiddleware, DefaultHeadersMiddleware, MetaRefreshMiddleware, HttpCompressionMiddleware, ChunkedTransferMiddleware, DownloaderStats
2015-10-28 12:14:58 [scrapy] INFO: Enabled spider middlewares: HttpErrorMiddleware, OffsiteMiddleware, RefererMiddleware, UrlLengthMiddleware, DepthMiddleware
2015-10-28 12:14:58 [scrapy] INFO: Enabled item pipelines: ImagePipeline, RobotPipeline
2015-10-28 12:14:58 [scrapy] INFO: Spider opened
2015-10-28 12:14:58 [scrapy] INFO: Crawled 0 pages (at 0 pages/min), scraped 0 items (at 0 items/min)
2015-10-28 12:14:59 [robot] INFO: [2015-10-28] http://toutiao.com/api/article/recent/?count=100&category=news_fashion&max_behot_time=1445933698
2015-10-28 12:14:59 [robot] INFO: [2015-10-28] http://toutiao.com/api/article/recent/?count=100&category=news_entertainment&max_behot_time=1445933698
2015-10-28 12:14:59 [robot] INFO: [2015-10-28] http://toutiao.com/api/article/recent/?count=100&category=news_society&max_behot_time=1445933698
2015-10-28 12:14:59 [robot] INFO: [2015-10-28] http://toutiao.com/api/article/recent/?count=100&category=news_car&max_behot_time=1445933698
2015-10-28 12:14:59 [robot] INFO: [2015-10-28] http://toutiao.com/api/article/recent/?count=100&category=__all__&max_behot_time=1445933698
2015-10-28 12:15:00 [robot] INFO: [2015-10-28] http://toutiao.com/api/article/recent/?count=100&category=news_tech&max_behot_time=1445933698
2015-10-28 12:15:00 [robot] INFO: [2015-10-28] http://toutiao.com/api/article/recent/?count=100&category=news_hot&max_behot_time=1445933698
2015-10-28 12:15:00 [scrapy] INFO: Closing spider (finished)
2015-10-28 12:15:00 [scrapy] INFO: Dumping Scrapy stats:
{'downloader/request_bytes': 2456,
 'downloader/request_count': 7,
 'downloader/request_method_count/GET': 7,
 'downloader/response_bytes': 152046,
 'downloader/response_count': 7,
 'downloader/response_status_count/200': 7,
 'finish_reason': 'finished',
 'finish_time': datetime.datetime(2015, 10, 28, 4, 15, 0, 341025),
 'item_scraped_count': 105,
 'log_count/INFO': 14,
 'response_received_count': 7,
 'scheduler/dequeued': 7,
 'scheduler/dequeued/memory': 7,
 'scheduler/enqueued': 7,
 'scheduler/enqueued/memory': 7,
 'start_time': datetime.datetime(2015, 10, 28, 4, 14, 58, 654622)}
2015-10-28 12:15:00 [scrapy] INFO: Spider closed (finished)
2015-10-28 12:16:30 [scrapy] INFO: Scrapy 1.0.3 started (bot: robot)
2015-10-28 12:16:30 [scrapy] INFO: Optional features available: ssl, http11
2015-10-28 12:16:30 [scrapy] INFO: Overridden settings: {'NEWSPIDER_MODULE': 'robot.spiders', 'LOG_LEVEL': 'INFO', 'CONCURRENT_REQUESTS': 100, 'SPIDER_MODULES': ['robot.spiders', 'robot.novel', 'robot.news'], 'BOT_NAME': 'robot', 'COOKIES_ENABLED': False, 'REDIRECT_ENABLED': False}
2015-10-28 12:16:31 [scrapy] INFO: Enabled extensions: CloseSpider, TelnetConsole, LogStats, CoreStats, SpiderState
2015-10-28 12:16:31 [scrapy] INFO: Enabled downloader middlewares: ProxyMiddleware, HttpAuthMiddleware, DownloadTimeoutMiddleware, RandomUserAgentMiddleware, RetryMiddleware, DefaultHeadersMiddleware, MetaRefreshMiddleware, HttpCompressionMiddleware, ChunkedTransferMiddleware, DownloaderStats
2015-10-28 12:16:31 [scrapy] INFO: Enabled spider middlewares: HttpErrorMiddleware, OffsiteMiddleware, RefererMiddleware, UrlLengthMiddleware, DepthMiddleware
2015-10-28 12:16:31 [scrapy] INFO: Enabled item pipelines: ImagePipeline, RobotPipeline
2015-10-28 12:16:31 [scrapy] INFO: Spider opened
2015-10-28 12:16:31 [scrapy] INFO: Crawled 0 pages (at 0 pages/min), scraped 0 items (at 0 items/min)
2015-10-28 12:16:31 [robot] INFO: [2015-10-28] http://toutiao.com/api/article/recent/?count=100&category=news_fashion&max_behot_time=1445933790
2015-10-28 12:16:31 [robot] INFO: [2015-10-28] http://toutiao.com/api/article/recent/?count=100&category=news_tech&max_behot_time=1445933790
2015-10-28 12:16:31 [robot] INFO: [2015-10-28] http://toutiao.com/api/article/recent/?count=100&category=news_entertainment&max_behot_time=1445933790
2015-10-28 12:16:31 [robot] INFO: [2015-10-28] http://toutiao.com/api/article/recent/?count=100&category=__all__&max_behot_time=1445933790
2015-10-28 12:16:31 [robot] INFO: [2015-10-28] http://toutiao.com/api/article/recent/?count=100&category=news_car&max_behot_time=1445933790
2015-10-28 12:16:31 [robot] INFO: [2015-10-28] http://toutiao.com/api/article/recent/?count=100&category=news_hot&max_behot_time=1445933790
2015-10-28 12:16:32 [robot] INFO: [2015-10-28] http://toutiao.com/api/article/recent/?count=100&category=news_society&max_behot_time=1445933790
2015-10-28 12:16:32 [scrapy] INFO: Closing spider (finished)
2015-10-28 12:16:32 [scrapy] INFO: Dumping Scrapy stats:
{'downloader/request_bytes': 2483,
 'downloader/request_count': 7,
 'downloader/request_method_count/GET': 7,
 'downloader/response_bytes': 141573,
 'downloader/response_count': 7,
 'downloader/response_status_count/200': 7,
 'finish_reason': 'finished',
 'finish_time': datetime.datetime(2015, 10, 28, 4, 16, 32, 617529),
 'item_scraped_count': 125,
 'log_count/INFO': 14,
 'response_received_count': 7,
 'scheduler/dequeued': 7,
 'scheduler/dequeued/memory': 7,
 'scheduler/enqueued': 7,
 'scheduler/enqueued/memory': 7,
 'start_time': datetime.datetime(2015, 10, 28, 4, 16, 31, 84198)}
2015-10-28 12:16:32 [scrapy] INFO: Spider closed (finished)
